<?xml version="1.0" encoding="utf-8"?><testsuite errors="0" failures="0" name="pytest" skips="0" tests="76" time="1.073"><testcase classname="tests.unit._modules.test_cephdisks.TestHardwareDetections" file="tests/unit/_modules/test_cephdisks.py" line="31" name="test_which_success" time="0.000760793685913"></testcase><testcase classname="tests.unit._modules.test_cephdisks.TestHardwareDetections" file="tests/unit/_modules/test_cephdisks.py" line="37" name="test_which_failure" time="0.000322103500366"></testcase><testcase classname="tests.unit._modules.test_cephdisks.TestHardwareDetections" file="tests/unit/_modules/test_cephdisks.py" line="44" name="test_which_failure_explicit_raise" time="0.000412702560425"></testcase><testcase classname="tests.unit._modules.test_cephdisks.TestHardwareDetections" file="tests/unit/_modules/test_cephdisks.py" line="52" name="test_which_failure_raise" time="0.000348091125488"></testcase><testcase classname="tests.unit._modules.test_cephdisks.TestHardwareDetections" file="tests/unit/_modules/test_cephdisks.py" line="60" name="test_which_failure_raise_param_error" time="0.000365972518921"></testcase><testcase classname="tests.unit._modules.test_cephdisks.TestHardwareDetections" file="tests/unit/_modules/test_cephdisks.py" line="68" name="test_is_rotational" time="0.00203990936279"></testcase><testcase classname="tests.unit._modules.test_cephdisks.TestHardwareDetections" file="tests/unit/_modules/test_cephdisks.py" line="75" name="test_is_rotational_not" time="0.00194096565247"></testcase><testcase classname="tests.unit._modules.test_cephdisks.TestHardwareDetections" file="tests/unit/_modules/test_cephdisks.py" line="82" name="test_is_removable_not" time="0.0019199848175"></testcase><testcase classname="tests.unit._modules.test_cephdisks.TestHardwareDetections" file="tests/unit/_modules/test_cephdisks.py" line="89" name="test_is_removable" time="0.00184416770935"></testcase><testcase classname="tests.unit._modules.test_cephdisks.TestHardwareDetections" file="tests/unit/_modules/test_cephdisks.py" line="96" name="test_return_device_bus_id_fail" time="0.000953197479248"></testcase><testcase classname="tests.unit._modules.test_cephdisks.TestHardwareDetections" file="tests/unit/_modules/test_cephdisks.py" line="105" name="test_return_device_bus_id_success" time="0.000916004180908"></testcase><testcase classname="tests.unit._modules.test_cephdisks.TestHardwareDetections" file="tests/unit/_modules/test_cephdisks.py" line="114" name="test__osd_no_osd" time="0.00224924087524"></testcase><testcase classname="tests.unit._modules.test_cephdisks.TestHardwareDetections" file="tests/unit/_modules/test_cephdisks.py" line="123" name="test__osd_is_osd_data" time="0.000805854797363"></testcase><testcase classname="tests.unit._modules.test_cephdisks.TestHardwareDetections" file="tests/unit/_modules/test_cephdisks.py" line="132" name="test__osd_is_osd_journal" time="0.000694751739502"></testcase><testcase classname="tests.unit._modules.test_cephdisks.TestHardwareDetections" file="tests/unit/_modules/test_cephdisks.py" line="141" name="test__hwinfo" time="0.00120806694031"></testcase><testcase classname="tests.unit._modules.test_cephdisks.TestHardwareDetections" file="tests/unit/_modules/test_cephdisks.py" line="157" name="test__query_disktype_hdd" time="0.00131893157959"></testcase><testcase classname="tests.unit._modules.test_cephdisks.TestHardwareDetections" file="tests/unit/_modules/test_cephdisks.py" line="169" name="test__query_disktype_ssd" time="0.000982761383057"></testcase><testcase classname="tests.unit._modules.test_cephdisks.TestHardwareDetections" file="tests/unit/_modules/test_cephdisks.py" line="181" name="test__query_disktype_invalid" time="0.00114607810974"></testcase><testcase classname="tests.unit._modules.test_cephdisks.TestHardwareDetections" file="tests/unit/_modules/test_cephdisks.py" line="194" name="test__query_disktype_drop_at_bus_id" time="0.00098705291748"></testcase><testcase classname="tests.unit._modules.test_cephdisks.TestHardwareDetections" file="tests/unit/_modules/test_cephdisks.py" line="204" name="test__query_disktype_except_block" time="0.00108504295349"></testcase><testcase classname="tests.unit._modules.test_cephdisks.TestHardwareDetections" file="tests/unit/_modules/test_cephdisks.py" line="216" name="test_hw_raid_ctrl_detection_custom_hwraid" time="0.000655174255371"></testcase><testcase classname="tests.unit._modules.test_cephdisks.TestHardwareDetections" file="tests/unit/_modules/test_cephdisks.py" line="223" name="test_hw_raid_ctrl_detection_custom_hwraid_controller_name" time="0.000424861907959"></testcase><testcase classname="tests.unit._modules.test_cephdisks.TestHardwareDetections" file="tests/unit/_modules/test_cephdisks.py" line="231" name="test_hw_raid_ctrl_detection" time="0.000661373138428"></testcase><testcase classname="tests.unit._modules.test_cephdisks.TestHardwareDetections" file="tests/unit/_modules/test_cephdisks.py" line="239" name="test_hw_raid_ctrl_detection_custom_software" time="0.000438928604126"></testcase><testcase classname="tests.unit._modules.test_cephdisks.TestHardwareDetections" file="tests/unit/_modules/test_cephdisks.py" line="247" name="test_hw_raid_ctrl_detection_megaraid" time="0.00086498260498"></testcase><testcase classname="tests.unit._modules.test_cephdisks.TestHardwareDetections" file="tests/unit/_modules/test_cephdisks.py" line="258" name="test_hw_raid_ctrl_detection_aacraid" time="0.000733137130737"></testcase><testcase classname="tests.unit._modules.test_cephdisks.TestHardwareDetections" file="tests/unit/_modules/test_cephdisks.py" line="269" name="test_hw_raid_ctrl_detection_3ware" time="0.000898838043213"></testcase><testcase classname="tests.unit._modules.test_cephdisks.TestHardwareDetections" file="tests/unit/_modules/test_cephdisks.py" line="280" name="test_hw_raid_ctrl_detection_areca" time="0.00219011306763"></testcase><testcase classname="tests.unit._modules.test_cephdisks.TestHardwareDetections" file="tests/unit/_modules/test_cephdisks.py" line="291" name="test_hw_raid_ctrl_detection_cciss" time="0.000877857208252"></testcase><testcase classname="tests.unit._modules.test_cephdisks.TestHardwareDetections" file="tests/unit/_modules/test_cephdisks.py" line="302" name="test_hw_raid_ctrl_detection_none" time="0.000715732574463"></testcase><testcase classname="tests.unit._modules.test_cephdisks.TestHardwareDetections" file="tests/unit/_modules/test_cephdisks.py" line="313" name="test__lshw" time="0.00223398208618"></testcase><testcase classname="tests.unit._modules.test_cephdisks.TestHardwareDetections" file="tests/unit/_modules/test_cephdisks.py" line="327" name="test__udevadm" time="0.001296043396"></testcase><testcase classname="tests.unit._modules.test_cephdisks.TestHardwareDetections_2" file="tests/unit/_modules/test_cephdisks.py" line="363" name="test_detection_tool_hwinfo" time="0.00104784965515"></testcase><testcase classname="tests.unit._modules.test_cephdisks.TestHardwareDetections_2" file="tests/unit/_modules/test_cephdisks.py" line="369" name="test_detection_tool_lshw" time="0.000913858413696"></testcase><testcase classname="tests.unit._modules.test_cephdisks.TestHardwareDetections_2" file="tests/unit/_modules/test_cephdisks.py" line="376" name="test_detection_tool_none" time="0.000576972961426"></testcase><testcase classname="tests.unit._modules.test_cephdisks.TestHardwareDetections_2" file="tests/unit/_modules/test_cephdisks.py" line="380" name="test_detection_tool_overwrite_hwinfo" time="0.000234842300415"></testcase><testcase classname="tests.unit._modules.test_cephdisks.TestHardwareDetections_2" file="tests/unit/_modules/test_cephdisks.py" line="384" name="test_detection_tool_overwrite_lshw" time="0.000434637069702"></testcase><testcase classname="tests.unit._modules.test_kernel" file="tests/unit/_modules/test_kernel.py" line="6" name="test_boot_image" time="0.000536918640137"></testcase><testcase classname="tests.unit._modules.test_kernel" file="tests/unit/_modules/test_kernel.py" line="11" name="test_query_command_succeeds" time="0.000446081161499"></testcase><testcase classname="tests.unit._modules.test_kernel" file="tests/unit/_modules/test_kernel.py" line="17" name="test_query_command_fails" time="0.000499248504639"></testcase><testcase classname="tests.unit._modules.test_kernel" file="tests/unit/_modules/test_kernel.py" line="23" name="test_query_command_fails_with_no_file" time="0.000480890274048"></testcase><testcase classname="tests.unit._modules.test_proposal.TestProposal" file="tests/unit/_modules/test_proposal.py" line="14" name="test_parse_filter" time="0.00074315071106"></testcase><testcase classname="tests.unit._modules.test_proposal.TestProposal" file="tests/unit/_modules/test_proposal.py" line="43" name="test_propose_standalone" time="0.000766754150391"></testcase><testcase classname="tests.unit._modules.test_proposal.TestProposal" file="tests/unit/_modules/test_proposal.py" line="49" name="test_propose_external" time="0.000846147537231"></testcase><testcase classname="tests.unit._modules.test_proposal.TestProposal" file="tests/unit/_modules/test_proposal.py" line="64" name="test_propose" time="0.00109100341797"></testcase><testcase classname="tests.unit._modules.test_proposal.TestProposal" file="tests/unit/_modules/test_proposal.py" line="86" name="test_filter" time="0.000756740570068"></testcase><testcase classname="tests.unit._modules.test_validate" file="tests/unit/_modules/test_validate.py" line="7" name="test_get_printer" time="0.00023889541626"></testcase><testcase classname="tests.unit._modules.test_validate.TestClusterAssignment" file="tests/unit/_modules/test_validate.py" line="15" name="test_single_cluster" time="0.0386500358582"></testcase><testcase classname="tests.unit._modules.test_validate.TestClusterAssignment" file="tests/unit/_modules/test_validate.py" line="26" name="test_single_cluster_unassigned" time="0.0373024940491"></testcase><testcase classname="tests.unit._modules.test_validate.TestClusterAssignment" file="tests/unit/_modules/test_validate.py" line="39" name="test_multi_cluster_unassigned" time="0.0375571250916"></testcase><testcase classname="tests.unit._modules.test_validate.TestUtilMethods" file="tests/unit/_modules/test_validate.py" line="55" name="test_parse_empty_string_list" time="0.000263690948486"></testcase><testcase classname="tests.unit._modules.test_validate.TestUtilMethods" file="tests/unit/_modules/test_validate.py" line="58" name="test_parse_single_element_string_list" time="0.000343799591064"></testcase><testcase classname="tests.unit._modules.test_validate.TestUtilMethods" file="tests/unit/_modules/test_validate.py" line="61" name="test_parse_string_list" time="0.000235795974731"></testcase><testcase classname="tests.unit.runners.test_cephprocesses.TestCephProcesses" file="tests/unit/runners/test_cephprocesses.py" line="9" name="test_status" time="0.0378150939941"></testcase><testcase classname="tests.unit.runners.test_cephprocesses.TestCephProcesses" file="tests/unit/runners/test_cephprocesses.py" line="24" name="test_check" time="0.00211691856384"></testcase><testcase classname="tests.unit.runners.test_cephprocesses.TestCephProcesses" file="tests/unit/runners/test_cephprocesses.py" line="34" name="test_check_fails_for_missing_process" time="0.00200700759888"></testcase><testcase classname="tests.unit.runners.test_cephprocesses.TestCephProcesses" file="tests/unit/runners/test_cephprocesses.py" line="44" name="test_check_fails_for_missing_minion" time="0.00202894210815"></testcase><testcase classname="tests.unit.runners.test_cephprocesses.TestCephProcesses" file="tests/unit/runners/test_cephprocesses.py" line="54" name="test_wait" time="0.0384080410004"></testcase><testcase classname="tests.unit.runners.test_cephprocesses.TestCephProcesses" file="tests/unit/runners/test_cephprocesses.py" line="64" name="test_wait_fails" time="0.0651040077209"></testcase><testcase classname="tests.unit.runners.test_cephprocesses.TestCephProcesses" file="tests/unit/runners/test_cephprocesses.py" line="74" name="test_timeout" time="0.0370352268219"></testcase><testcase classname="tests.unit.runners.test_cephprocesses.TestCephProcesses" file="tests/unit/runners/test_cephprocesses.py" line="82" name="test_physical_timeout" time="0.0377366542816"></testcase><testcase classname="tests.unit.runners.test_filequeue.TestFileQueue" file="tests/unit/runners/test_filequeue.py" line="19" name="test_default_queue" time="0.000558137893677"></testcase><testcase classname="tests.unit.runners.test_filequeue.TestFileQueue" file="tests/unit/runners/test_filequeue.py" line="28" name="test_named_queue" time="0.000440835952759"></testcase><testcase classname="tests.unit.runners.test_filequeue.TestFileQueue" file="tests/unit/runners/test_filequeue.py" line="37" name="test_dirs" time="0.000707149505615"></testcase><testcase classname="tests.unit.runners.test_filequeue.TestFileQueue" file="tests/unit/runners/test_filequeue.py" line="46" name="test_touch" time="0.00141978263855"></testcase><testcase classname="tests.unit.runners.test_filequeue.TestFileQueue" file="tests/unit/runners/test_filequeue.py" line="58" name="test_ls" time="0.00129699707031"></testcase><testcase classname="tests.unit.runners.test_filequeue.TestFileQueue" file="tests/unit/runners/test_filequeue.py" line="70" name="test_items" time="0.203964233398"></testcase><testcase classname="tests.unit.runners.test_filequeue.TestFileQueue" file="tests/unit/runners/test_filequeue.py" line="85" name="test_empty" time="0.00267124176025"></testcase><testcase classname="tests.unit.runners.test_filequeue.TestFileQueue" file="tests/unit/runners/test_filequeue.py" line="95" name="test_empty_fails" time="0.00264477729797"></testcase><testcase classname="tests.unit.runners.test_filequeue.TestFileQueue" file="tests/unit/runners/test_filequeue.py" line="106" name="test_remove" time="0.00331401824951"></testcase><testcase classname="tests.unit.runners.test_filequeue.TestFileQueue" file="tests/unit/runners/test_filequeue.py" line="119" name="test_vacate" time="0.00167918205261"></testcase><testcase classname="tests.unit.runners.test_filequeue.TestFileQueue" file="tests/unit/runners/test_filequeue.py" line="130" name="test_vacate_fails" time="0.00253701210022"></testcase><testcase classname="tests.unit.runners.test_filequeue.TestFileQueue" file="tests/unit/runners/test_filequeue.py" line="142" name="test_check" time="0.00133895874023"></testcase><testcase classname="tests.unit.runners.test_filequeue.TestFileQueue" file="tests/unit/runners/test_filequeue.py" line="153" name="test_check_fails" time="0.00139331817627"></testcase><testcase classname="tests.unit.runners.test_push.TestPush" file="tests/unit/runners/test_push.py" line="41" name="test_parse" time="0.00156807899475"></testcase><testcase classname="tests.unit.runners.test_push.TestPush" file="tests/unit/runners/test_push.py" line="63" name="test_organize" time="0.00540614128113"></testcase></testsuite>